[debug] [2017-08-02T01:51:18.300Z] ----------------------------------------------------------------------
[debug] [2017-08-02T01:51:18.302Z] Command:      C:\Program Files\nodejs\node.exe C:\Program Files\nodejs\node_modules\firebase-tools\bin\firebase deploy --only functions
[debug] [2017-08-02T01:51:18.303Z] CLI Version:  3.9.1
[debug] [2017-08-02T01:51:18.303Z] Platform:     win32
[debug] [2017-08-02T01:51:18.303Z] Node Version: v6.9.1
[debug] [2017-08-02T01:51:18.303Z] Time:         Tue Aug 01 2017 22:51:18 GMT-0300 (E. South America Standard Time)
[debug] [2017-08-02T01:51:18.303Z] ----------------------------------------------------------------------
[debug] 
[debug] [2017-08-02T01:51:18.315Z] > command requires scopes: ["email","openid","https://www.googleapis.com/auth/cloudplatformprojects.readonly","https://www.googleapis.com/auth/firebase","https://www.googleapis.com/auth/cloud-platform"]
[debug] [2017-08-02T01:51:18.315Z] > authorizing via signed-in user
[debug] [2017-08-02T01:51:18.317Z] >>> HTTP REQUEST GET https://admin.firebase.com/v1/projects/demobaas-6d85c  
 Tue Aug 01 2017 22:51:18 GMT-0300 (E. South America Standard Time)
[debug] [2017-08-02T01:51:19.328Z] <<< HTTP RESPONSE 200
[debug] [2017-08-02T01:51:19.331Z] >>> HTTP REQUEST GET https://admin.firebase.com/v1/database/demobaas-6d85c/tokens  
 Tue Aug 01 2017 22:51:19 GMT-0300 (E. South America Standard Time)
[debug] [2017-08-02T01:51:20.169Z] <<< HTTP RESPONSE 200
[info] 
[info] === Deploying to 'demobaas-6d85c'...
[info] 
[info] i  deploying functions
[debug] [2017-08-02T01:51:22.836Z] > [functions] package.json contents: {
  "name": "functions",
  "description": "Cloud Functions for Firebase",
  "dependencies": {
    "firebase-admin": "~4.2.1",
    "firebase-functions": "^0.5.7"
  },
  "private": true
}
[info] i  functions: ensuring necessary APIs are enabled...
[info] i  runtimeconfig: ensuring necessary APIs are enabled...
[debug] [2017-08-02T01:51:22.844Z] >>> HTTP REQUEST GET https://servicemanagement.googleapis.com/v1/services/cloudfunctions.googleapis.com/projectSettings/demobaas-6d85c?view=CONSUMER_VIEW  
 Tue Aug 01 2017 22:51:22 GMT-0300 (E. South America Standard Time)
[debug] [2017-08-02T01:51:22.846Z] >>> HTTP REQUEST GET https://servicemanagement.googleapis.com/v1/services/runtimeconfig.googleapis.com/projectSettings/demobaas-6d85c?view=CONSUMER_VIEW  
 Tue Aug 01 2017 22:51:22 GMT-0300 (E. South America Standard Time)
[debug] [2017-08-02T01:51:23.881Z] <<< HTTP RESPONSE 200
[info] +  runtimeconfig: all necessary APIs are enabled
[debug] [2017-08-02T01:51:24.024Z] <<< HTTP RESPONSE 200
[info] +  functions: all necessary APIs are enabled
[debug] [2017-08-02T01:51:24.029Z] >>> HTTP REQUEST GET https://appengine.googleapis.com/v1/apps/demobaas-6d85c  
 Tue Aug 01 2017 22:51:24 GMT-0300 (E. South America Standard Time)
[debug] [2017-08-02T01:51:24.030Z] >>> HTTP REQUEST GET https://apikeys.googleapis.com/v1/projects/demobaas-6d85c/apiKeys  
 Tue Aug 01 2017 22:51:24 GMT-0300 (E. South America Standard Time)
[debug] [2017-08-02T01:51:24.700Z] <<< HTTP RESPONSE 200
[debug] [2017-08-02T01:51:24.909Z] <<< HTTP RESPONSE 200
[info] i  functions: preparing functions directory for uploading...
[debug] [2017-08-02T01:51:27.104Z] >>> HTTP REQUEST GET https://runtimeconfig.googleapis.com/v1beta1/projects/demobaas-6d85c/configs  
 Tue Aug 01 2017 22:51:27 GMT-0300 (E. South America Standard Time)
[debug] [2017-08-02T01:51:27.695Z] <<< HTTP RESPONSE 200
[info] i  functions: packaged functions (1.05 KB) for uploading
[debug] [2017-08-02T01:51:29.570Z] >>> HTTP REQUEST GET https://www.googleapis.com/storage/v1/b/staging.demobaas-6d85c.appspot.com  
 Tue Aug 01 2017 22:51:29 GMT-0300 (E. South America Standard Time)
[debug] [2017-08-02T01:51:30.167Z] <<< HTTP RESPONSE 200
[debug] [2017-08-02T01:51:30.169Z] >>> HTTP REQUEST POST https://www.googleapis.com/upload/storage/v1/b/staging.demobaas-6d85c.appspot.com/o?uploadType=media&name=firebase-functions-source ReadStream {
  _readableState: 
   ReadableState {
     objectMode: false,
     highWaterMark: 65536,
     buffer: BufferList { head: [Object], tail: [Object], length: 1 },
     length: 1079,
     pipes: null,
     pipesCount: 0,
     flowing: null,
     ended: true,
     endEmitted: false,
     reading: false,
     sync: false,
     needReadable: false,
     emittedReadable: true,
     readableListening: false,
     resumeScheduled: false,
     defaultEncoding: 'utf8',
     ranOut: false,
     awaitDrain: 0,
     readingMore: false,
     decoder: null,
     encoding: null },
  readable: true,
  domain: null,
  _events: { end: [Function] },
  _eventsCount: 1,
  _maxListeners: undefined,
  path: 'C:\\Users\\logonrm\\AppData\\Local\\Temp\\firebase-functions-7288ul936UWFi5ti.zip',
  fd: 5,
  flags: 'r',
  mode: 438,
  start: undefined,
  end: undefined,
  autoClose: true,
  pos: undefined,
  bytesRead: 1079 } 
 Tue Aug 01 2017 22:51:30 GMT-0300 (E. South America Standard Time)
[debug] [2017-08-02T01:51:30.908Z] <<< HTTP RESPONSE 200
[info] +  functions: functions folder uploaded successfully
[info] i  starting release process (may take several minutes)...
[debug] [2017-08-02T01:51:30.916Z] >>> HTTP REQUEST GET https://cloudfunctions.googleapis.com/v1beta2/projects/demobaas-6d85c/locations/us-central1/functions  
 Tue Aug 01 2017 22:51:30 GMT-0300 (E. South America Standard Time)
[debug] [2017-08-02T01:51:31.682Z] <<< HTTP RESPONSE 200
[info] i  functions: creating function sendNotification...
[debug] [2017-08-02T01:51:31.695Z] Trigger is: 
[debug] [2017-08-02T01:51:31.697Z] >>> HTTP REQUEST POST https://cloudfunctions.googleapis.com/v1beta2/projects/demobaas-6d85c/locations/us-central1/functions { sourceArchiveUrl: 'gs://staging.demobaas-6d85c.appspot.com/firebase-functions-source',
  name: 'projects/demobaas-6d85c/locations/us-central1/functions/sendNotification',
  entryPoint: 'sendNotification',
  eventTrigger: 
   { resource: 'projects/_/instances/demobaas-6d85c/refs/tarefas/{tarefaId}',
     eventType: 'providers/google.firebase.database/eventTypes/ref.write' } } 
 Tue Aug 01 2017 22:51:31 GMT-0300 (E. South America Standard Time)
[debug] [2017-08-02T01:51:32.425Z] <<< HTTP RESPONSE 200
[debug] [2017-08-02T01:51:32.429Z] >>> HTTP REQUEST GET https://cloudfunctions.googleapis.com/v1beta2/projects/demobaas-6d85c/locations/us-central1/functions  
 Tue Aug 01 2017 22:51:32 GMT-0300 (E. South America Standard Time)
[debug] [2017-08-02T01:51:32.430Z] >>> HTTP REQUEST GET https://cloudfunctions.googleapis.com/v1beta2/operations/ZGVtb2JhYXMtNmQ4NWMvdXMtY2VudHJhbDEvc2VuZE5vdGlmaWNhdGlvbi95bjk4MWZVV08zMA  
 Tue Aug 01 2017 22:51:32 GMT-0300 (E. South America Standard Time)
[debug] [2017-08-02T01:51:33.073Z] <<< HTTP RESPONSE 200
[debug] [2017-08-02T01:51:33.080Z] [functions] operation poll: sendNotification: create operations/ZGVtb2JhYXMtNmQ4NWMvdXMtY2VudHJhbDEvc2VuZE5vdGlmaWNhdGlvbi95bjk4MWZVV08zMA is not done.
[debug] [2017-08-02T01:51:33.102Z] <<< HTTP RESPONSE 200
[debug] [2017-08-02T01:51:38.082Z] >>> HTTP REQUEST GET https://cloudfunctions.googleapis.com/v1beta2/operations/ZGVtb2JhYXMtNmQ4NWMvdXMtY2VudHJhbDEvc2VuZE5vdGlmaWNhdGlvbi95bjk4MWZVV08zMA  
 Tue Aug 01 2017 22:51:38 GMT-0300 (E. South America Standard Time)
[debug] [2017-08-02T01:51:38.723Z] <<< HTTP RESPONSE 200
[debug] [2017-08-02T01:51:38.723Z] [functions] operation poll: sendNotification: create operations/ZGVtb2JhYXMtNmQ4NWMvdXMtY2VudHJhbDEvc2VuZE5vdGlmaWNhdGlvbi95bjk4MWZVV08zMA is not done.
[debug] [2017-08-02T01:51:43.724Z] >>> HTTP REQUEST GET https://cloudfunctions.googleapis.com/v1beta2/operations/ZGVtb2JhYXMtNmQ4NWMvdXMtY2VudHJhbDEvc2VuZE5vdGlmaWNhdGlvbi95bjk4MWZVV08zMA  
 Tue Aug 01 2017 22:51:43 GMT-0300 (E. South America Standard Time)
[debug] [2017-08-02T01:51:44.355Z] <<< HTTP RESPONSE 200
[debug] [2017-08-02T01:51:44.356Z] [functions] operation poll: sendNotification: create operations/ZGVtb2JhYXMtNmQ4NWMvdXMtY2VudHJhbDEvc2VuZE5vdGlmaWNhdGlvbi95bjk4MWZVV08zMA is not done.
[debug] [2017-08-02T01:51:49.358Z] >>> HTTP REQUEST GET https://cloudfunctions.googleapis.com/v1beta2/operations/ZGVtb2JhYXMtNmQ4NWMvdXMtY2VudHJhbDEvc2VuZE5vdGlmaWNhdGlvbi95bjk4MWZVV08zMA  
 Tue Aug 01 2017 22:51:49 GMT-0300 (E. South America Standard Time)
[debug] [2017-08-02T01:51:49.978Z] <<< HTTP RESPONSE 200
[debug] [2017-08-02T01:51:49.979Z] [functions] operation poll: sendNotification: create operations/ZGVtb2JhYXMtNmQ4NWMvdXMtY2VudHJhbDEvc2VuZE5vdGlmaWNhdGlvbi95bjk4MWZVV08zMA is not done.
[debug] [2017-08-02T01:51:54.980Z] >>> HTTP REQUEST GET https://cloudfunctions.googleapis.com/v1beta2/operations/ZGVtb2JhYXMtNmQ4NWMvdXMtY2VudHJhbDEvc2VuZE5vdGlmaWNhdGlvbi95bjk4MWZVV08zMA  
 Tue Aug 01 2017 22:51:54 GMT-0300 (E. South America Standard Time)
[debug] [2017-08-02T01:51:55.612Z] <<< HTTP RESPONSE 200
[debug] [2017-08-02T01:51:55.613Z] [functions] operation poll: sendNotification: create operations/ZGVtb2JhYXMtNmQ4NWMvdXMtY2VudHJhbDEvc2VuZE5vdGlmaWNhdGlvbi95bjk4MWZVV08zMA is not done.
[debug] [2017-08-02T01:52:00.614Z] >>> HTTP REQUEST GET https://cloudfunctions.googleapis.com/v1beta2/operations/ZGVtb2JhYXMtNmQ4NWMvdXMtY2VudHJhbDEvc2VuZE5vdGlmaWNhdGlvbi95bjk4MWZVV08zMA  
 Tue Aug 01 2017 22:52:00 GMT-0300 (E. South America Standard Time)
[debug] [2017-08-02T01:52:01.070Z] <<< HTTP RESPONSE 200
[debug] [2017-08-02T01:52:01.072Z] [functions] operation poll: sendNotification: create operations/ZGVtb2JhYXMtNmQ4NWMvdXMtY2VudHJhbDEvc2VuZE5vdGlmaWNhdGlvbi95bjk4MWZVV08zMA is not done.
[debug] [2017-08-02T01:52:06.078Z] >>> HTTP REQUEST GET https://cloudfunctions.googleapis.com/v1beta2/operations/ZGVtb2JhYXMtNmQ4NWMvdXMtY2VudHJhbDEvc2VuZE5vdGlmaWNhdGlvbi95bjk4MWZVV08zMA  
 Tue Aug 01 2017 22:52:06 GMT-0300 (E. South America Standard Time)
